<?xml version="1.0" encoding="UTF-8"?>
<testsuite xmlns:xsi="http://www.w3.org/2001/XMLSchema-instance" xsi:noNamespaceSchemaLocation="https://maven.apache.org/surefire/maven-surefire-plugin/xsd/surefire-test-report-3.0.xsd" version="3.0" name="com.testing.piggybank.PiggyBankApplicationTests" time="4.242" tests="1" errors="0" skipped="0" failures="0">
  <properties>
[...]
</properties>
  <testcase name="contextLoads" classname="com.testing.piggybank.PiggyBankApplicationTests" time="0.425">
    <system-out><![CDATA[15:51:35.185 [main] INFO org.springframework.test.context.support.AnnotationConfigContextLoaderUtils -- Could not detect default configuration classes for test class [com.testing.piggybank.PiggyBankApplicationTests]: PiggyBankApplicationTests does not declare any static, non-private, non-final, nested classes annotated with @Configuration.
15:51:35.262 [main] INFO org.springframework.boot.test.context.SpringBootTestContextBootstrapper -- Found @SpringBootConfiguration com.testing.piggybank.PiggyBankApplication for test class com.testing.piggybank.PiggyBankApplicationTests

  .   ____          _            __ _ _
 /\\ / ___'_ __ _ _(_)_ __  __ _ \ \ \ \
( ( )\___ | '_ | '_| | '_ \/ _` | \ \ \ \
 \\/  ___)| |_)| | | | | || (_| |  ) ) ) )
  '  |____| .__|_| |_|_| |_\__, | / / / /
 =========|_|==============|___/=/_/_/_/
 :: Spring Boot ::                (v3.1.5)

2023-11-29T15:51:35.597+01:00  INFO 2472 --- [           main] c.t.piggybank.PiggyBankApplicationTests  : Starting PiggyBankApplicationTests using Java 17.0.9 with PID 2472 (started by Bonotti in C:\Users\Bonotti\Desktop\Folder\PiggyBank\piggybank-backend)
2023-11-29T15:51:35.598+01:00  INFO 2472 --- [           main] c.t.piggybank.PiggyBankApplicationTests  : No active profile set, falling back to 1 default profile: "default"
2023-11-29T15:51:36.184+01:00  INFO 2472 --- [           main] .s.d.r.c.RepositoryConfigurationDelegate : Bootstrapping Spring Data JPA repositories in DEFAULT mode.
2023-11-29T15:51:36.235+01:00  INFO 2472 --- [           main] .s.d.r.c.RepositoryConfigurationDelegate : Finished Spring Data repository scanning in 45 ms. Found 2 JPA repository interfaces.
2023-11-29T15:51:36.589+01:00  INFO 2472 --- [           main] com.zaxxer.hikari.HikariDataSource       : HikariPool-1 - Starting...
2023-11-29T15:51:36.760+01:00  INFO 2472 --- [           main] com.zaxxer.hikari.pool.HikariPool        : HikariPool-1 - Added connection conn0: url=jdbc:h2:mem:testdb user=SA
2023-11-29T15:51:36.762+01:00  INFO 2472 --- [           main] com.zaxxer.hikari.HikariDataSource       : HikariPool-1 - Start completed.
2023-11-29T15:51:36.802+01:00  INFO 2472 --- [           main] o.hibernate.jpa.internal.util.LogHelper  : HHH000204: Processing PersistenceUnitInfo [name: default]
2023-11-29T15:51:36.860+01:00  INFO 2472 --- [           main] org.hibernate.Version                    : HHH000412: Hibernate ORM core version 6.2.13.Final
2023-11-29T15:51:36.862+01:00  INFO 2472 --- [           main] org.hibernate.cfg.Environment            : HHH000406: Using bytecode reflection optimizer
2023-11-29T15:51:37.170+01:00  INFO 2472 --- [           main] o.s.o.j.p.SpringPersistenceUnitInfo      : No LoadTimeWeaver setup: ignoring JPA class transformer
2023-11-29T15:51:37.223+01:00  WARN 2472 --- [           main] org.hibernate.orm.deprecation            : HHH90000025: H2Dialect does not need to be specified explicitly using 'hibernate.dialect' (remove the property setting and it will be selected by default)
2023-11-29T15:51:37.867+01:00  INFO 2472 --- [           main] o.h.e.t.j.p.i.JtaPlatformInitiator       : HHH000489: No JTA platform available (set 'hibernate.transaction.jta.platform' to enable JTA platform integration)
2023-11-29T15:51:37.909+01:00  INFO 2472 --- [           main] j.LocalContainerEntityManagerFactoryBean : Initialized JPA EntityManagerFactory for persistence unit 'default'
2023-11-29T15:51:38.235+01:00  WARN 2472 --- [           main] JpaBaseConfiguration$JpaWebConfiguration : spring.jpa.open-in-view is enabled by default. Therefore, database queries may be performed during view rendering. Explicitly configure spring.jpa.open-in-view to disable this warning
2023-11-29T15:51:38.252+01:00  WARN 2472 --- [           main] .s.s.UserDetailsServiceAutoConfiguration : 

Using generated security password: fd6ae05f-222d-4bb6-8b55-41fac958724e

This generated password is for development use only. Your security configuration must be updated before running your application in production.

2023-11-29T15:51:38.365+01:00  INFO 2472 --- [           main] o.s.s.web.DefaultSecurityFilterChain     : Will secure any request with [org.springframework.security.web.session.DisableEncodeUrlFilter@1c512bb, org.springframework.security.web.context.request.async.WebAsyncManagerIntegrationFilter@4d142b53, org.springframework.security.web.context.SecurityContextHolderFilter@400d1c30, org.springframework.security.web.header.HeaderWriterFilter@2c9aeec6, org.springframework.web.filter.CorsFilter@3bac86a3, org.springframework.security.web.authentication.logout.LogoutFilter@7e58b0f6, org.springframework.security.web.savedrequest.RequestCacheAwareFilter@50aa9a91, org.springframework.security.web.servletapi.SecurityContextHolderAwareRequestFilter@2041c9a3, org.springframework.security.web.authentication.AnonymousAuthenticationFilter@128ca7af, org.springframework.security.web.access.ExceptionTranslationFilter@57abe94d, org.springframework.security.web.access.intercept.AuthorizationFilter@183a84f4]
2023-11-29T15:51:38.803+01:00  INFO 2472 --- [           main] o.s.b.a.h2.H2ConsoleAutoConfiguration    : H2 console available at '/h2-console'. Database available at 'jdbc:h2:mem:testdb'
2023-11-29T15:51:38.861+01:00  INFO 2472 --- [           main] c.t.piggybank.PiggyBankApplicationTests  : Started PiggyBankApplicationTests in 3.472 seconds (process running for 4.192)
]]></system-out>
  </testcase>
</testsuite>